========== Log Started ==========
Timestamp: 2026-06-27 16:16:05
==================================
[2026-06-27 16:16:05] [INFO] [OPERATION] MainFrame initialization - Starting CameraToolKit application
[2026-06-27 16:16:06] [INFO] MainFrame initialized successfully
[2026-06-27 16:16:27] [INFO] [OPERATION] Load Dark Images - Folder: E:\Projects\Study\MvToolKit\images\dark
[2026-06-27 16:16:27] [DEBUG] [DATA] ImageInfo = Loaded 10 dark field images from folder
[2026-06-27 16:16:28] [INFO] [OPERATION] Load Dark Images - Folder: E:\Projects\Study\MvToolKit\images\dark
[2026-06-27 16:16:29] [DEBUG] [DATA] ImageInfo = Loaded 10 dark field images from folder
[2026-06-27 16:16:29] [INFO] [OPERATION] Load Dark Images - Folder: E:\Projects\Study\MvToolKit\images\dark
[2026-06-27 16:16:30] [DEBUG] [DATA] ImageInfo = Loaded 10 dark field images from folder
[2026-06-27 16:16:30] [INFO] [OPERATION] Load Dark Images - Folder: E:\Projects\Study\MvToolKit\images\dark
[2026-06-27 16:16:31] [DEBUG] [DATA] ImageInfo = Loaded 10 dark field images from folder
[2026-06-27 16:16:32] [INFO] [OPERATION] Load Dark Images - Folder: E:\Projects\Study\MvToolKit\images\dark
[2026-06-27 16:16:33] [DEBUG] [DATA] ImageInfo = Loaded 10 dark field images from folder
[2026-06-27 16:16:34] [INFO] [OPERATION] Load Bright Images - Folder: E:\Projects\Study\MvToolKit\images\bright
[2026-06-27 16:16:35] [DEBUG] [DATA] ImageInfo = Loaded 10 bright field images from folder
[2026-06-27 16:16:35] [INFO] [OPERATION] Load Bright Images - Folder: E:\Projects\Study\MvToolKit\images\bright
[2026-06-27 16:16:36] [DEBUG] [DATA] ImageInfo = Loaded 10 bright field images from folder
[2026-06-27 16:16:37] [INFO] [OPERATION] Load Bright Images - Folder: E:\Projects\Study\MvToolKit\images\bright
[2026-06-27 16:16:38] [DEBUG] [DATA] ImageInfo = Loaded 10 bright field images from folder
[2026-06-27 16:16:38] [INFO] [OPERATION] Load Bright Images - Folder: E:\Projects\Study\MvToolKit\images\bright
[2026-06-27 16:16:39] [DEBUG] [DATA] ImageInfo = Loaded 10 bright field images from folder
[2026-06-27 16:16:41] [INFO] [OPERATION] Load Bright Images - Folder: E:\Projects\Study\MvToolKit\images\bright
[2026-06-27 16:16:42] [DEBUG] [DATA] ImageInfo = Loaded 10 bright field images from folder
[2026-06-27 16:18:33] [INFO] [OPERATION] Load Image - Path: E:\Projects\Study\MvToolKit\build\images\flat.BMP
[2026-06-27 16:18:33] [DEBUG] [DATA] ImageInfo = Size: 2048x2048
