========== Log Started ==========
Timestamp: 2026-06-27 16:08:04
==================================
[2026-06-27 16:08:04] [INFO] [OPERATION] MainFrame initialization - Starting CameraToolKit application
[2026-06-27 16:08:05] [INFO] MainFrame initialized successfully
[2026-06-27 16:08:17] [INFO] [OPERATION] Load Dark Images - Folder: E:\Projects\Study\MvToolKit\images\dark
[2026-06-27 16:08:18] [DEBUG] [DATA] ImageInfo = Loaded 10 dark field images from folder
[2026-06-27 16:08:20] [INFO] [OPERATION] Load Bright Images - Folder: E:\Projects\Study\MvToolKit\images\bright
[2026-06-27 16:08:21] [DEBUG] [DATA] ImageInfo = Loaded 10 bright field images from folder
[2026-06-27 16:11:44] [INFO] [OPERATION] Load Dark Images - Folder: E:\Projects\Study\MvToolKit\images\dark
[2026-06-27 16:11:46] [DEBUG] [DATA] ImageInfo = Loaded 10 dark field images from folder
[2026-06-27 16:11:46] [INFO] [OPERATION] Load Dark Images - Folder: E:\Projects\Study\MvToolKit\images\dark
[2026-06-27 16:11:47] [DEBUG] [DATA] ImageInfo = Loaded 10 dark field images from folder
[2026-06-27 16:11:47] [INFO] [OPERATION] Load Dark Images - Folder: E:\Projects\Study\MvToolKit\images\dark
[2026-06-27 16:11:48] [DEBUG] [DATA] ImageInfo = Loaded 10 dark field images from folder
[2026-06-27 16:11:49] [INFO] [OPERATION] Load Dark Images - Folder: E:\Projects\Study\MvToolKit\images\dark
[2026-06-27 16:11:49] [DEBUG] [DATA] ImageInfo = Loaded 10 dark field images from folder
[2026-06-27 16:11:50] [INFO] [OPERATION] Load Bright Images - Folder: E:\Projects\Study\MvToolKit\images\bright
[2026-06-27 16:11:51] [DEBUG] [DATA] ImageInfo = Loaded 10 bright field images from folder
[2026-06-27 16:11:51] [INFO] [OPERATION] Load Bright Images - Folder: E:\Projects\Study\MvToolKit\images\bright
[2026-06-27 16:11:52] [DEBUG] [DATA] ImageInfo = Loaded 10 bright field images from folder
[2026-06-27 16:11:53] [INFO] [OPERATION] Load Bright Images - Folder: E:\Projects\Study\MvToolKit\images\bright
[2026-06-27 16:11:53] [DEBUG] [DATA] ImageInfo = Loaded 10 bright field images from folder
[2026-06-27 16:11:54] [INFO] [OPERATION] Load Bright Images - Folder: E:\Projects\Study\MvToolKit\images\bright
[2026-06-27 16:11:55] [DEBUG] [DATA] ImageInfo = Loaded 10 bright field images from folder
[2026-06-27 16:12:09] [INFO] [OPERATION] Close - Application closing
